running egg_info
creating ../build/launch_node/launch_node.egg-info
writing ../build/launch_node/launch_node.egg-info/PKG-INFO
writing dependency_links to ../build/launch_node/launch_node.egg-info/dependency_links.txt
writing entry points to ../build/launch_node/launch_node.egg-info/entry_points.txt
writing requirements to ../build/launch_node/launch_node.egg-info/requires.txt
writing top-level names to ../build/launch_node/launch_node.egg-info/top_level.txt
writing manifest file '../build/launch_node/launch_node.egg-info/SOURCES.txt'
reading manifest file '../build/launch_node/launch_node.egg-info/SOURCES.txt'
writing manifest file '../build/launch_node/launch_node.egg-info/SOURCES.txt'
running build
running build_py
creating /home/swadiryus/projects/XMC_ROS2/src/build/launch_node/build
creating /home/swadiryus/projects/XMC_ROS2/src/build/launch_node/build/lib
creating /home/swadiryus/projects/XMC_ROS2/src/build/launch_node/build/lib/launch_node
copying launch_node/joy_publisher_dummy.py -> /home/swadiryus/projects/XMC_ROS2/src/build/launch_node/build/lib/launch_node
copying launch_node/__init__.py -> /home/swadiryus/projects/XMC_ROS2/src/build/launch_node/build/lib/launch_node
copying launch_node/joy_to_steer.py -> /home/swadiryus/projects/XMC_ROS2/src/build/launch_node/build/lib/launch_node
running install
running install_lib
creating /home/swadiryus/projects/XMC_ROS2/src/install/launch_node/lib/python3.10/site-packages/launch_node
copying /home/swadiryus/projects/XMC_ROS2/src/build/launch_node/build/lib/launch_node/joy_publisher_dummy.py -> /home/swadiryus/projects/XMC_ROS2/src/install/launch_node/lib/python3.10/site-packages/launch_node
copying /home/swadiryus/projects/XMC_ROS2/src/build/launch_node/build/lib/launch_node/__init__.py -> /home/swadiryus/projects/XMC_ROS2/src/install/launch_node/lib/python3.10/site-packages/launch_node
copying /home/swadiryus/projects/XMC_ROS2/src/build/launch_node/build/lib/launch_node/joy_to_steer.py -> /home/swadiryus/projects/XMC_ROS2/src/install/launch_node/lib/python3.10/site-packages/launch_node
byte-compiling /home/swadiryus/projects/XMC_ROS2/src/install/launch_node/lib/python3.10/site-packages/launch_node/joy_publisher_dummy.py to joy_publisher_dummy.cpython-310.pyc
byte-compiling /home/swadiryus/projects/XMC_ROS2/src/install/launch_node/lib/python3.10/site-packages/launch_node/__init__.py to __init__.cpython-310.pyc
byte-compiling /home/swadiryus/projects/XMC_ROS2/src/install/launch_node/lib/python3.10/site-packages/launch_node/joy_to_steer.py to joy_to_steer.cpython-310.pyc
running install_data
creating /home/swadiryus/projects/XMC_ROS2/src/install/launch_node/share/ament_index
creating /home/swadiryus/projects/XMC_ROS2/src/install/launch_node/share/ament_index/resource_index
creating /home/swadiryus/projects/XMC_ROS2/src/install/launch_node/share/ament_index/resource_index/packages
copying resource/launch_node -> /home/swadiryus/projects/XMC_ROS2/src/install/launch_node/share/ament_index/resource_index/packages
copying package.xml -> /home/swadiryus/projects/XMC_ROS2/src/install/launch_node/share/launch_node
creating /home/swadiryus/projects/XMC_ROS2/src/install/launch_node/share/launch_node/config
copying config/joy_teleop.yaml -> /home/swadiryus/projects/XMC_ROS2/src/install/launch_node/share/launch_node/config
creating /home/swadiryus/projects/XMC_ROS2/src/install/launch_node/share/launch_node/launch
copying launch/bringup_launch.py -> /home/swadiryus/projects/XMC_ROS2/src/install/launch_node/share/launch_node/launch
running install_egg_info
Copying ../build/launch_node/launch_node.egg-info to /home/swadiryus/projects/XMC_ROS2/src/install/launch_node/lib/python3.10/site-packages/launch_node-0.0.0-py3.10.egg-info
running install_scripts
Installing joy_publisher_dummy script to /home/swadiryus/projects/XMC_ROS2/src/install/launch_node/lib/launch_node
Installing joy_to_steer script to /home/swadiryus/projects/XMC_ROS2/src/install/launch_node/lib/launch_node
writing list of installed files to '/home/swadiryus/projects/XMC_ROS2/src/build/launch_node/install.log'
