[0.795s] Invoking command in '/home/swadiryus/projects/XMC_ROS2/src/launch_node': PYTHONPATH=/home/swadiryus/projects/XMC_ROS2/src/build/launch_node/prefix_override:/usr/lib/python3/dist-packages/colcon_core/task/python/colcon_distutils_commands:/home/swadiryus/projects/XMC_ROS2/src/install/launch_node/lib/python3.10/site-packages:${PYTHONPATH} /usr/bin/python3 -W ignore:setup.py install is deprecated -W ignore:easy_install command is deprecated setup.py egg_info --egg-base ../build/launch_node build --build-base /home/swadiryus/projects/XMC_ROS2/src/build/launch_node/build install --record /home/swadiryus/projects/XMC_ROS2/src/build/launch_node/install.log --single-version-externally-managed install_data
[1.033s] running egg_info
[1.034s] creating ../build/launch_node/launch_node.egg-info
[1.034s] writing ../build/launch_node/launch_node.egg-info/PKG-INFO
[1.034s] writing dependency_links to ../build/launch_node/launch_node.egg-info/dependency_links.txt
[1.034s] writing entry points to ../build/launch_node/launch_node.egg-info/entry_points.txt
[1.035s] writing requirements to ../build/launch_node/launch_node.egg-info/requires.txt
[1.035s] writing top-level names to ../build/launch_node/launch_node.egg-info/top_level.txt
[1.035s] writing manifest file '../build/launch_node/launch_node.egg-info/SOURCES.txt'
[1.036s] reading manifest file '../build/launch_node/launch_node.egg-info/SOURCES.txt'
[1.037s] writing manifest file '../build/launch_node/launch_node.egg-info/SOURCES.txt'
[1.038s] running build
[1.038s] running build_py
[1.038s] creating /home/swadiryus/projects/XMC_ROS2/src/build/launch_node/build
[1.038s] creating /home/swadiryus/projects/XMC_ROS2/src/build/launch_node/build/lib
[1.038s] creating /home/swadiryus/projects/XMC_ROS2/src/build/launch_node/build/lib/launch_node
[1.038s] copying launch_node/joy_publisher_dummy.py -> /home/swadiryus/projects/XMC_ROS2/src/build/launch_node/build/lib/launch_node
[1.038s] copying launch_node/__init__.py -> /home/swadiryus/projects/XMC_ROS2/src/build/launch_node/build/lib/launch_node
[1.038s] copying launch_node/joy_to_steer.py -> /home/swadiryus/projects/XMC_ROS2/src/build/launch_node/build/lib/launch_node
[1.040s] running install
[1.041s] running install_lib
[1.041s] creating /home/swadiryus/projects/XMC_ROS2/src/install/launch_node/lib/python3.10/site-packages/launch_node
[1.042s] copying /home/swadiryus/projects/XMC_ROS2/src/build/launch_node/build/lib/launch_node/joy_publisher_dummy.py -> /home/swadiryus/projects/XMC_ROS2/src/install/launch_node/lib/python3.10/site-packages/launch_node
[1.042s] copying /home/swadiryus/projects/XMC_ROS2/src/build/launch_node/build/lib/launch_node/__init__.py -> /home/swadiryus/projects/XMC_ROS2/src/install/launch_node/lib/python3.10/site-packages/launch_node
[1.042s] copying /home/swadiryus/projects/XMC_ROS2/src/build/launch_node/build/lib/launch_node/joy_to_steer.py -> /home/swadiryus/projects/XMC_ROS2/src/install/launch_node/lib/python3.10/site-packages/launch_node
[1.042s] byte-compiling /home/swadiryus/projects/XMC_ROS2/src/install/launch_node/lib/python3.10/site-packages/launch_node/joy_publisher_dummy.py to joy_publisher_dummy.cpython-310.pyc
[1.043s] byte-compiling /home/swadiryus/projects/XMC_ROS2/src/install/launch_node/lib/python3.10/site-packages/launch_node/__init__.py to __init__.cpython-310.pyc
[1.043s] byte-compiling /home/swadiryus/projects/XMC_ROS2/src/install/launch_node/lib/python3.10/site-packages/launch_node/joy_to_steer.py to joy_to_steer.cpython-310.pyc
[1.044s] running install_data
[1.044s] creating /home/swadiryus/projects/XMC_ROS2/src/install/launch_node/share/ament_index
[1.044s] creating /home/swadiryus/projects/XMC_ROS2/src/install/launch_node/share/ament_index/resource_index
[1.044s] creating /home/swadiryus/projects/XMC_ROS2/src/install/launch_node/share/ament_index/resource_index/packages
[1.044s] copying resource/launch_node -> /home/swadiryus/projects/XMC_ROS2/src/install/launch_node/share/ament_index/resource_index/packages
[1.045s] copying package.xml -> /home/swadiryus/projects/XMC_ROS2/src/install/launch_node/share/launch_node
[1.045s] creating /home/swadiryus/projects/XMC_ROS2/src/install/launch_node/share/launch_node/config
[1.045s] copying config/joy_teleop.yaml -> /home/swadiryus/projects/XMC_ROS2/src/install/launch_node/share/launch_node/config
[1.045s] creating /home/swadiryus/projects/XMC_ROS2/src/install/launch_node/share/launch_node/launch
[1.045s] copying launch/bringup_launch.py -> /home/swadiryus/projects/XMC_ROS2/src/install/launch_node/share/launch_node/launch
[1.046s] running install_egg_info
[1.047s] Copying ../build/launch_node/launch_node.egg-info to /home/swadiryus/projects/XMC_ROS2/src/install/launch_node/lib/python3.10/site-packages/launch_node-0.0.0-py3.10.egg-info
[1.048s] running install_scripts
[1.071s] Installing joy_publisher_dummy script to /home/swadiryus/projects/XMC_ROS2/src/install/launch_node/lib/launch_node
[1.071s] Installing joy_to_steer script to /home/swadiryus/projects/XMC_ROS2/src/install/launch_node/lib/launch_node
[1.071s] writing list of installed files to '/home/swadiryus/projects/XMC_ROS2/src/build/launch_node/install.log'
[1.097s] Invoked command in '/home/swadiryus/projects/XMC_ROS2/src/launch_node' returned '0': PYTHONPATH=/home/swadiryus/projects/XMC_ROS2/src/build/launch_node/prefix_override:/usr/lib/python3/dist-packages/colcon_core/task/python/colcon_distutils_commands:/home/swadiryus/projects/XMC_ROS2/src/install/launch_node/lib/python3.10/site-packages:${PYTHONPATH} /usr/bin/python3 -W ignore:setup.py install is deprecated -W ignore:easy_install command is deprecated setup.py egg_info --egg-base ../build/launch_node build --build-base /home/swadiryus/projects/XMC_ROS2/src/build/launch_node/build install --record /home/swadiryus/projects/XMC_ROS2/src/build/launch_node/install.log --single-version-externally-managed install_data
