[0.839s] Invoking command in '/home/swadiryus/projects/XMC_ROS2/src/launch_node': PYTHONPATH=/home/swadiryus/projects/XMC_ROS2/src/build/launch_node/prefix_override:/usr/lib/python3/dist-packages/colcon_core/task/python/colcon_distutils_commands:/home/swadiryus/projects/XMC_ROS2/src/install/launch_node/lib/python3.10/site-packages:${PYTHONPATH} /usr/bin/python3 -W ignore:setup.py install is deprecated -W ignore:easy_install command is deprecated setup.py egg_info --egg-base ../build/launch_node build --build-base /home/swadiryus/projects/XMC_ROS2/src/build/launch_node/build install --record /home/swadiryus/projects/XMC_ROS2/src/build/launch_node/install.log --single-version-externally-managed install_data
[1.063s] running egg_info
[1.064s] writing ../build/launch_node/launch_node.egg-info/PKG-INFO
[1.076s] writing dependency_links to ../build/launch_node/launch_node.egg-info/dependency_links.txt
[1.076s] writing entry points to ../build/launch_node/launch_node.egg-info/entry_points.txt
[1.076s] writing requirements to ../build/launch_node/launch_node.egg-info/requires.txt
[1.077s] writing top-level names to ../build/launch_node/launch_node.egg-info/top_level.txt
[1.078s] reading manifest file '../build/launch_node/launch_node.egg-info/SOURCES.txt'
[1.080s] writing manifest file '../build/launch_node/launch_node.egg-info/SOURCES.txt'
[1.081s] running build
[1.081s] running build_py
[1.081s] copying launch_node/joy_to_steer.py -> /home/swadiryus/projects/XMC_ROS2/src/build/launch_node/build/lib/launch_node
[1.081s] running install
[1.082s] running install_lib
[1.083s] copying /home/swadiryus/projects/XMC_ROS2/src/build/launch_node/build/lib/launch_node/joy_to_steer.py -> /home/swadiryus/projects/XMC_ROS2/src/install/launch_node/lib/python3.10/site-packages/launch_node
[1.083s] byte-compiling /home/swadiryus/projects/XMC_ROS2/src/install/launch_node/lib/python3.10/site-packages/launch_node/joy_to_steer.py to joy_to_steer.cpython-310.pyc
[1.084s] running install_data
[1.084s] running install_egg_info
[1.087s] removing '/home/swadiryus/projects/XMC_ROS2/src/install/launch_node/lib/python3.10/site-packages/launch_node-0.0.0-py3.10.egg-info' (and everything under it)
[1.087s] Copying ../build/launch_node/launch_node.egg-info to /home/swadiryus/projects/XMC_ROS2/src/install/launch_node/lib/python3.10/site-packages/launch_node-0.0.0-py3.10.egg-info
[1.088s] running install_scripts
[1.114s] Installing joy_publisher_dummy script to /home/swadiryus/projects/XMC_ROS2/src/install/launch_node/lib/launch_node
[1.114s] Installing joy_to_steer script to /home/swadiryus/projects/XMC_ROS2/src/install/launch_node/lib/launch_node
[1.115s] writing list of installed files to '/home/swadiryus/projects/XMC_ROS2/src/build/launch_node/install.log'
[1.142s] Invoked command in '/home/swadiryus/projects/XMC_ROS2/src/launch_node' returned '0': PYTHONPATH=/home/swadiryus/projects/XMC_ROS2/src/build/launch_node/prefix_override:/usr/lib/python3/dist-packages/colcon_core/task/python/colcon_distutils_commands:/home/swadiryus/projects/XMC_ROS2/src/install/launch_node/lib/python3.10/site-packages:${PYTHONPATH} /usr/bin/python3 -W ignore:setup.py install is deprecated -W ignore:easy_install command is deprecated setup.py egg_info --egg-base ../build/launch_node build --build-base /home/swadiryus/projects/XMC_ROS2/src/build/launch_node/build install --record /home/swadiryus/projects/XMC_ROS2/src/build/launch_node/install.log --single-version-externally-managed install_data
