[0.603s] Invoking command in '/home/swadiryus/projects/XMC_ROS2/src/launch_node': PYTHONPATH=/home/swadiryus/projects/XMC_ROS2/src/build/launch_node/prefix_override:/usr/lib/python3/dist-packages/colcon_core/task/python/colcon_distutils_commands:/home/swadiryus/projects/XMC_ROS2/src/install/launch_node/lib/python3.10/site-packages:${PYTHONPATH} /usr/bin/python3 -W ignore:setup.py install is deprecated -W ignore:easy_install command is deprecated setup.py egg_info --egg-base ../build/launch_node build --build-base /home/swadiryus/projects/XMC_ROS2/src/build/launch_node/build install --record /home/swadiryus/projects/XMC_ROS2/src/build/launch_node/install.log --single-version-externally-managed install_data
[0.817s] running egg_info
[0.818s] writing ../build/launch_node/launch_node.egg-info/PKG-INFO
[0.818s] writing dependency_links to ../build/launch_node/launch_node.egg-info/dependency_links.txt
[0.819s] writing entry points to ../build/launch_node/launch_node.egg-info/entry_points.txt
[0.819s] writing requirements to ../build/launch_node/launch_node.egg-info/requires.txt
[0.819s] writing top-level names to ../build/launch_node/launch_node.egg-info/top_level.txt
[0.820s] reading manifest file '../build/launch_node/launch_node.egg-info/SOURCES.txt'
[0.821s] writing manifest file '../build/launch_node/launch_node.egg-info/SOURCES.txt'
[0.822s] running build
[0.822s] running build_py
[0.822s] copying launch_node/joy_to_steer.py -> /home/swadiryus/projects/XMC_ROS2/src/build/launch_node/build/lib/launch_node
[0.822s] running install
[0.822s] running install_lib
[0.823s] copying /home/swadiryus/projects/XMC_ROS2/src/build/launch_node/build/lib/launch_node/joy_to_steer.py -> /home/swadiryus/projects/XMC_ROS2/src/install/launch_node/lib/python3.10/site-packages/launch_node
[0.824s] byte-compiling /home/swadiryus/projects/XMC_ROS2/src/install/launch_node/lib/python3.10/site-packages/launch_node/joy_to_steer.py to joy_to_steer.cpython-310.pyc
[0.825s] running install_data
[0.825s] running install_egg_info
[0.826s] removing '/home/swadiryus/projects/XMC_ROS2/src/install/launch_node/lib/python3.10/site-packages/launch_node-0.0.0-py3.10.egg-info' (and everything under it)
[0.827s] Copying ../build/launch_node/launch_node.egg-info to /home/swadiryus/projects/XMC_ROS2/src/install/launch_node/lib/python3.10/site-packages/launch_node-0.0.0-py3.10.egg-info
[0.827s] running install_scripts
[0.849s] Installing joy_publisher_dummy script to /home/swadiryus/projects/XMC_ROS2/src/install/launch_node/lib/launch_node
[0.849s] Installing joy_to_steer script to /home/swadiryus/projects/XMC_ROS2/src/install/launch_node/lib/launch_node
[0.849s] writing list of installed files to '/home/swadiryus/projects/XMC_ROS2/src/build/launch_node/install.log'
[0.873s] Invoked command in '/home/swadiryus/projects/XMC_ROS2/src/launch_node' returned '0': PYTHONPATH=/home/swadiryus/projects/XMC_ROS2/src/build/launch_node/prefix_override:/usr/lib/python3/dist-packages/colcon_core/task/python/colcon_distutils_commands:/home/swadiryus/projects/XMC_ROS2/src/install/launch_node/lib/python3.10/site-packages:${PYTHONPATH} /usr/bin/python3 -W ignore:setup.py install is deprecated -W ignore:easy_install command is deprecated setup.py egg_info --egg-base ../build/launch_node build --build-base /home/swadiryus/projects/XMC_ROS2/src/build/launch_node/build install --record /home/swadiryus/projects/XMC_ROS2/src/build/launch_node/install.log --single-version-externally-managed install_data
