[0.233s] DEBUG:colcon:Command line arguments: ['/usr/bin/colcon', 'build']
[0.233s] DEBUG:colcon:Parsed command line arguments: Namespace(log_base=None, log_level=None, verb_name='build', build_base='build', install_base='install', merge_install=False, symlink_install=False, test_result_base=None, continue_on_error=False, executor='parallel', parallel_workers=16, event_handlers=None, ignore_user_meta=False, metas=['./colcon.meta'], base_paths=['.'], packages_ignore=None, packages_ignore_regex=None, paths=None, packages_up_to=None, packages_up_to_regex=None, packages_above=None, packages_above_and_dependencies=None, packages_above_depth=None, packages_select_by_dep=None, packages_skip_by_dep=None, packages_skip_up_to=None, packages_select_build_failed=False, packages_skip_build_finished=False, packages_select_test_failures=False, packages_skip_test_passed=False, packages_select=None, packages_skip=None, packages_select_regex=None, packages_skip_regex=None, packages_start=None, packages_end=None, allow_overriding=[], cmake_args=None, cmake_target=None, cmake_target_skip_unavailable=False, cmake_clean_cache=False, cmake_clean_first=False, cmake_force_configure=False, ament_cmake_args=None, catkin_cmake_args=None, catkin_skip_building_tests=False, mixin_files=None, mixin=None, verb_parser=<colcon_mixin.mixin.mixin_argument.MixinArgumentDecorator object at 0x7faf299c1900>, verb_extension=<colcon_core.verb.build.BuildVerb object at 0x7faf299c0f10>, main=<bound method BuildVerb.main of <colcon_core.verb.build.BuildVerb object at 0x7faf299c0f10>>, mixin_verb=('build',))
[0.534s] Level 1:colcon.colcon_core.package_discovery:discover_packages(colcon_meta) check parameters
[0.534s] Level 1:colcon.colcon_core.package_discovery:discover_packages(recursive) check parameters
[0.534s] Level 1:colcon.colcon_core.package_discovery:discover_packages(ignore) check parameters
[0.535s] Level 1:colcon.colcon_core.package_discovery:discover_packages(path) check parameters
[0.535s] Level 1:colcon.colcon_core.package_discovery:discover_packages(colcon_meta) discover
[0.535s] Level 1:colcon.colcon_core.package_discovery:discover_packages(recursive) discover
[0.535s] INFO:colcon.colcon_core.package_discovery:Crawling recursively for packages in '/home/swadiryus/projects/XMC_ROS2/src'
[0.535s] Level 1:colcon.colcon_core.package_identification:_identify(.) by extensions ['ignore', 'ignore_ament_install']
[0.535s] Level 1:colcon.colcon_core.package_identification:_identify(.) by extension 'ignore'
[0.535s] Level 1:colcon.colcon_core.package_identification:_identify(.) by extension 'ignore_ament_install'
[0.535s] Level 1:colcon.colcon_core.package_identification:_identify(.) by extensions ['colcon_pkg']
[0.535s] Level 1:colcon.colcon_core.package_identification:_identify(.) by extension 'colcon_pkg'
[0.535s] Level 1:colcon.colcon_core.package_identification:_identify(.) by extensions ['colcon_meta']
[0.535s] Level 1:colcon.colcon_core.package_identification:_identify(.) by extension 'colcon_meta'
[0.535s] Level 1:colcon.colcon_core.package_identification:_identify(.) by extensions ['ros']
[0.535s] Level 1:colcon.colcon_core.package_identification:_identify(.) by extension 'ros'
[0.550s] Level 1:colcon.colcon_core.package_identification:_identify(.) by extensions ['cmake', 'python']
[0.550s] Level 1:colcon.colcon_core.package_identification:_identify(.) by extension 'cmake'
[0.550s] Level 1:colcon.colcon_core.package_identification:_identify(.) by extension 'python'
[0.550s] Level 1:colcon.colcon_core.package_identification:_identify(.) by extensions ['python_setup_py']
[0.550s] Level 1:colcon.colcon_core.package_identification:_identify(.) by extension 'python_setup_py'
[0.551s] Level 1:colcon.colcon_core.package_identification:_identify(build) by extensions ['ignore', 'ignore_ament_install']
[0.551s] Level 1:colcon.colcon_core.package_identification:_identify(build) by extension 'ignore'
[0.551s] Level 1:colcon.colcon_core.package_identification:_identify(build) ignored
[0.551s] Level 1:colcon.colcon_core.package_identification:_identify(install) by extensions ['ignore', 'ignore_ament_install']
[0.551s] Level 1:colcon.colcon_core.package_identification:_identify(install) by extension 'ignore'
[0.551s] Level 1:colcon.colcon_core.package_identification:_identify(install) ignored
[0.551s] Level 1:colcon.colcon_core.package_identification:_identify(launch_node) by extensions ['ignore', 'ignore_ament_install']
[0.551s] Level 1:colcon.colcon_core.package_identification:_identify(launch_node) by extension 'ignore'
[0.551s] Level 1:colcon.colcon_core.package_identification:_identify(launch_node) by extension 'ignore_ament_install'
[0.551s] Level 1:colcon.colcon_core.package_identification:_identify(launch_node) by extensions ['colcon_pkg']
[0.551s] Level 1:colcon.colcon_core.package_identification:_identify(launch_node) by extension 'colcon_pkg'
[0.551s] Level 1:colcon.colcon_core.package_identification:_identify(launch_node) by extensions ['colcon_meta']
[0.551s] Level 1:colcon.colcon_core.package_identification:_identify(launch_node) by extension 'colcon_meta'
[0.551s] Level 1:colcon.colcon_core.package_identification:_identify(launch_node) by extensions ['ros']
[0.551s] Level 1:colcon.colcon_core.package_identification:_identify(launch_node) by extension 'ros'
[0.556s] DEBUG:colcon.colcon_core.package_identification:Package 'launch_node' with type 'ros.ament_python' and name 'launch_node'
[0.556s] Level 1:colcon.colcon_core.package_identification:_identify(log) by extensions ['ignore', 'ignore_ament_install']
[0.556s] Level 1:colcon.colcon_core.package_identification:_identify(log) by extension 'ignore'
[0.556s] Level 1:colcon.colcon_core.package_identification:_identify(log) ignored
[0.556s] Level 1:colcon.colcon_core.package_discovery:discover_packages(recursive) using defaults
[0.556s] Level 1:colcon.colcon_core.package_discovery:discover_packages(ignore) discover
[0.556s] Level 1:colcon.colcon_core.package_discovery:discover_packages(ignore) using defaults
[0.556s] Level 1:colcon.colcon_core.package_discovery:discover_packages(path) discover
[0.556s] Level 1:colcon.colcon_core.package_discovery:discover_packages(path) using defaults
[0.602s] Level 1:colcon.colcon_core.package_discovery:discover_packages(prefix_path) check parameters
[0.602s] Level 1:colcon.colcon_core.package_discovery:discover_packages(prefix_path) discover
[0.605s] WARNING:colcon.colcon_core.prefix_path.colcon:The path '/home/swadiryus/projects/XMC_ROS2/install' in the environment variable COLCON_PREFIX_PATH doesn't exist
[0.606s] WARNING:colcon.colcon_ros.prefix_path.ament:The path '/home/swadiryus/projects/XMC_ROS2/install/launch_node' in the environment variable AMENT_PREFIX_PATH doesn't exist
[0.607s] DEBUG:colcon.colcon_installed_package_information.package_discovery:Found 1 installed packages in /home/swadiryus/projects/XMC_ROS2/src/install
[0.609s] DEBUG:colcon.colcon_installed_package_information.package_discovery:Found 271 installed packages in /opt/ros/humble
[0.610s] Level 1:colcon.colcon_core.package_discovery:discover_packages(prefix_path) using defaults
[0.688s] Level 5:colcon.colcon_core.verb:set package 'launch_node' build argument 'cmake_args' from command line to 'None'
[0.688s] Level 5:colcon.colcon_core.verb:set package 'launch_node' build argument 'cmake_target' from command line to 'None'
[0.688s] Level 5:colcon.colcon_core.verb:set package 'launch_node' build argument 'cmake_target_skip_unavailable' from command line to 'False'
[0.688s] Level 5:colcon.colcon_core.verb:set package 'launch_node' build argument 'cmake_clean_cache' from command line to 'False'
[0.688s] Level 5:colcon.colcon_core.verb:set package 'launch_node' build argument 'cmake_clean_first' from command line to 'False'
[0.688s] Level 5:colcon.colcon_core.verb:set package 'launch_node' build argument 'cmake_force_configure' from command line to 'False'
[0.688s] Level 5:colcon.colcon_core.verb:set package 'launch_node' build argument 'ament_cmake_args' from command line to 'None'
[0.688s] Level 5:colcon.colcon_core.verb:set package 'launch_node' build argument 'catkin_cmake_args' from command line to 'None'
[0.688s] Level 5:colcon.colcon_core.verb:set package 'launch_node' build argument 'catkin_skip_building_tests' from command line to 'False'
[0.688s] DEBUG:colcon.colcon_core.verb:Building package 'launch_node' with the following arguments: {'ament_cmake_args': None, 'build_base': '/home/swadiryus/projects/XMC_ROS2/src/build/launch_node', 'catkin_cmake_args': None, 'catkin_skip_building_tests': False, 'cmake_args': None, 'cmake_clean_cache': False, 'cmake_clean_first': False, 'cmake_force_configure': False, 'cmake_target': None, 'cmake_target_skip_unavailable': False, 'install_base': '/home/swadiryus/projects/XMC_ROS2/src/install/launch_node', 'merge_install': False, 'path': '/home/swadiryus/projects/XMC_ROS2/src/launch_node', 'symlink_install': False, 'test_result_base': None}
[0.688s] INFO:colcon.colcon_core.executor:Executing jobs using 'parallel' executor
[0.689s] DEBUG:colcon.colcon_parallel_executor.executor.parallel:run_until_complete
[0.689s] INFO:colcon.colcon_ros.task.ament_python.build:Building ROS package in '/home/swadiryus/projects/XMC_ROS2/src/launch_node' with build type 'ament_python'
[0.690s] Level 1:colcon.colcon_core.shell:create_environment_hook('launch_node', 'ament_prefix_path')
[0.697s] INFO:colcon.colcon_core.plugin_system:Skipping extension 'colcon_core.shell.bat': Not used on non-Windows systems
[0.697s] INFO:colcon.colcon_core.shell:Creating environment hook '/home/swadiryus/projects/XMC_ROS2/src/install/launch_node/share/launch_node/hook/ament_prefix_path.ps1'
[0.698s] INFO:colcon.colcon_core.shell:Creating environment descriptor '/home/swadiryus/projects/XMC_ROS2/src/install/launch_node/share/launch_node/hook/ament_prefix_path.dsv'
[0.700s] INFO:colcon.colcon_core.shell:Creating environment hook '/home/swadiryus/projects/XMC_ROS2/src/install/launch_node/share/launch_node/hook/ament_prefix_path.sh'
[0.701s] INFO:colcon.colcon_core.shell:Skip shell extension 'powershell' for command environment: Not usable outside of PowerShell
[0.701s] DEBUG:colcon.colcon_core.shell:Skip shell extension 'dsv' for command environment
[0.938s] INFO:colcon.colcon_core.task.python.build:Building Python package in '/home/swadiryus/projects/XMC_ROS2/src/launch_node'
[0.938s] INFO:colcon.colcon_core.shell:Skip shell extension 'powershell' for command environment: Not usable outside of PowerShell
[0.938s] DEBUG:colcon.colcon_core.shell:Skip shell extension 'dsv' for command environment
[1.612s] DEBUG:colcon.colcon_core.event_handler.log_command:Invoking command in '/home/swadiryus/projects/XMC_ROS2/src/launch_node': PYTHONPATH=/home/swadiryus/projects/XMC_ROS2/src/build/launch_node/prefix_override:/usr/lib/python3/dist-packages/colcon_core/task/python/colcon_distutils_commands:/home/swadiryus/projects/XMC_ROS2/src/install/launch_node/lib/python3.10/site-packages:${PYTHONPATH} /usr/bin/python3 -W ignore:setup.py install is deprecated -W ignore:easy_install command is deprecated setup.py egg_info --egg-base ../build/launch_node build --build-base /home/swadiryus/projects/XMC_ROS2/src/build/launch_node/build install --record /home/swadiryus/projects/XMC_ROS2/src/build/launch_node/install.log --single-version-externally-managed install_data
[1.930s] DEBUG:colcon.colcon_core.event_handler.log_command:Invoked command in '/home/swadiryus/projects/XMC_ROS2/src/launch_node' returned '0': PYTHONPATH=/home/swadiryus/projects/XMC_ROS2/src/build/launch_node/prefix_override:/usr/lib/python3/dist-packages/colcon_core/task/python/colcon_distutils_commands:/home/swadiryus/projects/XMC_ROS2/src/install/launch_node/lib/python3.10/site-packages:${PYTHONPATH} /usr/bin/python3 -W ignore:setup.py install is deprecated -W ignore:easy_install command is deprecated setup.py egg_info --egg-base ../build/launch_node build --build-base /home/swadiryus/projects/XMC_ROS2/src/build/launch_node/build install --record /home/swadiryus/projects/XMC_ROS2/src/build/launch_node/install.log --single-version-externally-managed install_data
[1.938s] Level 1:colcon.colcon_core.environment:checking '/home/swadiryus/projects/XMC_ROS2/src/install/launch_node' for CMake module files
[1.939s] Level 1:colcon.colcon_core.environment:checking '/home/swadiryus/projects/XMC_ROS2/src/install/launch_node' for CMake config files
[1.939s] Level 1:colcon.colcon_core.environment:checking '/home/swadiryus/projects/XMC_ROS2/src/install/launch_node/lib'
[1.939s] Level 1:colcon.colcon_core.environment:checking '/home/swadiryus/projects/XMC_ROS2/src/install/launch_node/bin'
[1.940s] Level 1:colcon.colcon_core.environment:checking '/home/swadiryus/projects/XMC_ROS2/src/install/launch_node/lib/pkgconfig/launch_node.pc'
[1.940s] Level 1:colcon.colcon_core.environment:checking '/home/swadiryus/projects/XMC_ROS2/src/install/launch_node/lib/python3.10/site-packages'
[1.940s] Level 1:colcon.colcon_core.shell:create_environment_hook('launch_node', 'pythonpath')
[1.940s] INFO:colcon.colcon_core.shell:Creating environment hook '/home/swadiryus/projects/XMC_ROS2/src/install/launch_node/share/launch_node/hook/pythonpath.ps1'
[1.941s] INFO:colcon.colcon_core.shell:Creating environment descriptor '/home/swadiryus/projects/XMC_ROS2/src/install/launch_node/share/launch_node/hook/pythonpath.dsv'
[1.941s] INFO:colcon.colcon_core.shell:Creating environment hook '/home/swadiryus/projects/XMC_ROS2/src/install/launch_node/share/launch_node/hook/pythonpath.sh'
[1.942s] Level 1:colcon.colcon_core.environment:checking '/home/swadiryus/projects/XMC_ROS2/src/install/launch_node/bin'
[1.942s] Level 1:colcon.colcon_core.environment:create_environment_scripts_only(launch_node)
[1.942s] INFO:colcon.colcon_core.shell:Creating package script '/home/swadiryus/projects/XMC_ROS2/src/install/launch_node/share/launch_node/package.ps1'
[1.943s] INFO:colcon.colcon_core.shell:Creating package descriptor '/home/swadiryus/projects/XMC_ROS2/src/install/launch_node/share/launch_node/package.dsv'
[1.944s] INFO:colcon.colcon_core.shell:Creating package script '/home/swadiryus/projects/XMC_ROS2/src/install/launch_node/share/launch_node/package.sh'
[1.945s] INFO:colcon.colcon_core.shell:Creating package script '/home/swadiryus/projects/XMC_ROS2/src/install/launch_node/share/launch_node/package.bash'
[1.946s] INFO:colcon.colcon_core.shell:Creating package script '/home/swadiryus/projects/XMC_ROS2/src/install/launch_node/share/launch_node/package.zsh'
[1.947s] Level 1:colcon.colcon_core.environment:create_file_with_runtime_dependencies(/home/swadiryus/projects/XMC_ROS2/src/install/launch_node/share/colcon-core/packages/launch_node)
[1.948s] DEBUG:colcon.colcon_parallel_executor.executor.parallel:closing loop
[1.948s] DEBUG:colcon.colcon_parallel_executor.executor.parallel:loop closed
[1.949s] DEBUG:colcon.colcon_parallel_executor.executor.parallel:run_until_complete finished with '0'
[1.949s] DEBUG:colcon.colcon_core.event_reactor:joining thread
[1.987s] INFO:colcon.colcon_core.plugin_system:Skipping extension 'colcon_notification.desktop_notification.notify_send': Could not find 'notify-send'
[1.987s] INFO:colcon.colcon_core.plugin_system:Skipping extension 'colcon_notification.desktop_notification.terminal_notifier': Not used on non-Darwin systems
[1.987s] INFO:colcon.colcon_core.plugin_system:Skipping extension 'colcon_notification.desktop_notification.win32': Not used on non-Windows systems
[1.987s] INFO:colcon.colcon_notification.desktop_notification:Sending desktop notification using 'notify2'
[1.987s] DEBUG:colcon.colcon_notification.desktop_notification.notify2:Failed to initialize notify2: org.freedesktop.DBus.Error.FileNotFound: Failed to connect to socket /run/user/1000/bus: No such file or directory
[1.988s] DEBUG:colcon.colcon_core.event_reactor:joined thread
[1.988s] INFO:colcon.colcon_core.shell:Creating prefix script '/home/swadiryus/projects/XMC_ROS2/src/install/local_setup.ps1'
[1.989s] INFO:colcon.colcon_core.shell:Creating prefix util module '/home/swadiryus/projects/XMC_ROS2/src/install/_local_setup_util_ps1.py'
[1.991s] INFO:colcon.colcon_core.shell:Creating prefix chain script '/home/swadiryus/projects/XMC_ROS2/src/install/setup.ps1'
[1.993s] INFO:colcon.colcon_core.shell:Creating prefix script '/home/swadiryus/projects/XMC_ROS2/src/install/local_setup.sh'
[1.994s] INFO:colcon.colcon_core.shell:Creating prefix util module '/home/swadiryus/projects/XMC_ROS2/src/install/_local_setup_util_sh.py'
[1.994s] INFO:colcon.colcon_core.shell:Creating prefix chain script '/home/swadiryus/projects/XMC_ROS2/src/install/setup.sh'
[1.996s] INFO:colcon.colcon_core.shell:Creating prefix script '/home/swadiryus/projects/XMC_ROS2/src/install/local_setup.bash'
[1.996s] INFO:colcon.colcon_core.shell:Creating prefix chain script '/home/swadiryus/projects/XMC_ROS2/src/install/setup.bash'
[1.998s] INFO:colcon.colcon_core.shell:Creating prefix script '/home/swadiryus/projects/XMC_ROS2/src/install/local_setup.zsh'
[1.998s] INFO:colcon.colcon_core.shell:Creating prefix chain script '/home/swadiryus/projects/XMC_ROS2/src/install/setup.zsh'
